2011-02-17:12:01:29
encodePWD passw0rd is 7c6a61c68ef8b9b6b061b28c348bc1ed7921cb53
2011-02-17:12:02:03
encodePWD passw0rd is 7c6a61c68ef8b9b6b061b28c348bc1ed7921cb53
2011-02-17:12:03:02
encodePWD 6f6L/Nc{A^bZY:B'XMmwQ^2OY]eR+.sq is e41600ae28dd6d1ffc2f7ae385bd3a1e96d7f950
2011-02-17:12:03:24
encodePWD WBreeze is 31c40a25a1238941cc0e233405c02a9d92f4a639
2011-02-17:12:04:03
antiRobotCheat: 7BVCS8
2011-02-17:12:05:28
antiRobotCheat: ETVKZU
2011-02-17:12:05:37
antiRobotCheat: V3C8RR
2011-02-17:12:05:43
antiRobotCheat: 8VFY3T
2011-02-17:12:05:51
antiRobotCheat: YW2HK7
2011-02-17:12:05:59
encodePWD v6j6CJwf is a0392613e79572574d15d8aa04d481b57816a647
2011-02-17:12:07:14
encodePWD v6j6CJwf is a0392613e79572574d15d8aa04d481b57816a647
2011-02-17:12:07:23
encodePWD v6j6CJwf is a0392613e79572574d15d8aa04d481b57816a647
2011-02-17:12:07:23
encodePWD passw0rd is 7c6a61c68ef8b9b6b061b28c348bc1ed7921cb53
2011-02-17:12:09:45
doAddContest:insert into contest (regYear, name, location, chapter, regOpen, regDeadline, startDate, endDate, homeURL, regEmail, hasVoteJudge, voteEmail, hasPayPal, payEmail, hasPracticeReg, maxPracticeSlots, reqPmtForVoteJudge, reqPmtForPracticeReg) values (2011,'Jolly Roger Happy Flippin\' Contest','San Diego, CA',21,'2011-2-17','2011-4-1','2011-4-8','2011-4-9','http://www.wbreeze.com/','doug@wbreeze.com','n',null,'n',null,'y',2,'y','n');
2011-02-17:12:11:31
select  a.teamAspirant, a.fourMinFree, a.airplaneMake, a.insCompany, a.isStudent, a.paidAmt, a.hasVotedJudge, b.name, b.catID, b.class, b.category, b.regAmt, b.hasStudentReg, b.studentRegAmt, b.hasTeamReg, b.teamRegAmt, b.hasVoteJudge, b.voteTeamOnly, b.hasFourMinute, b.fourMinRegAmt, c.compType, d.givenName, d.familyName, d.email, d.iacID, d.shirtsize, e.hasPayPal from registration a, ctst_cat b, reg_type c, registrant d, contest e where c.ctstID = 38 and c.compType = 'competitor' and e.ctstID = c.ctstID and d.userID = c.userID and a.regID = c.regID and b.catID = a.catID order by catID, category, class, familyName, givenName
2011-02-17:12:11:31
select  c.compType, d.givenName, d.familyName, d.email, d.iacID, d.shirtsize, e.hasPayPal from reg_type c, registrant d, contest e where c.ctstID = 38 and c.compType = 'volunteer' and e.ctstID = c.ctstID and d.userID = c.userID order by familyName, givenName
2011-02-17:12:11:50
select ctstID from reg_type where regID in ( select max(regID) from reg_type where userID = 1 and compType = 'competitor');
2011-02-17:12:14:45
select  a.teamAspirant, a.fourMinFree, a.airplaneMake, a.insCompany, a.isStudent, a.paidAmt, a.hasVotedJudge, b.name, b.catID, b.class, b.category, b.regAmt, b.hasStudentReg, b.studentRegAmt, b.hasTeamReg, b.teamRegAmt, b.hasVoteJudge, b.voteTeamOnly, b.hasFourMinute, b.fourMinRegAmt, c.compType, d.givenName, d.familyName, d.email, d.iacID, d.shirtsize, e.hasPayPal from registration a, ctst_cat b, reg_type c, registrant d, contest e where c.ctstID = 38 and c.compType = 'competitor' and e.ctstID = c.ctstID and d.userID = c.userID and a.regID = c.regID and b.catID = a.catID order by catID, category, class, familyName, givenName
2011-02-17:12:14:45
select  c.compType, d.givenName, d.familyName, d.email, d.iacID, d.shirtsize, e.hasPayPal from reg_type c, registrant d, contest e where c.ctstID = 38 and c.compType = 'volunteer' and e.ctstID = c.ctstID and d.userID = c.userID order by familyName, givenName
2011-02-17:13:45:57
encodePWD passw0rd is 7c6a61c68ef8b9b6b061b28c348bc1ed7921cb53
